[2024-11-27 03:28:33] local.INFO: Incoming Request Data: {"learner_id":427,"field_updated":"seat_id","old_value":"1073","new_value":"1074","operation":"reactive","updated_by":92,"created_at":"2024-11-27T03:28:32.596Z"} 
[2024-11-27 03:28:33] local.INFO: Validation Successful: {"learner_id":427,"field_updated":"seat_id","old_value":"1073","new_value":"1074","updated_by":92,"operation":"reactive"} 
[2024-11-27 03:28:33] local.INFO: Data inserted successfully  
[2024-11-27 03:28:33] local.INFO: Debug Booking {"startTime":"14:00","endTime":"22:00","bookingStartTime":"18:00","bookingEndTime":"22:00","overlap":true} 
[2024-11-27 03:28:33] local.INFO: logAction method triggered  
[2024-11-27 03:28:33] local.INFO: logAction method triggered  
[2024-11-27 03:28:33] local.INFO: Action successfully logged  
[2024-11-27 03:28:33] local.INFO: Action successful from middleware {"user_id":92,"method":"POST","url":"http://localhost/libraryProject/library/learners/log","status_code":200} 
[2024-11-27 03:28:33] local.INFO: Action successfully logged  
[2024-11-27 03:28:33] local.INFO: Action successful from middleware {"user_id":92,"method":"PUT","url":"http://localhost/libraryProject/library/learners/reactive/427","status_code":302} 
[2024-11-27 03:28:33] local.INFO: Action successful from middleware {"user_id":92,"method":"POST","url":"http://localhost/libraryProject/library/learners/log","status_code":200} 
[2024-11-27 03:28:33] local.INFO: Action successful from middleware {"user_id":92,"method":"PUT","url":"http://localhost/libraryProject/library/learners/reactive/427","status_code":302} 
[2024-11-27 03:28:33] local.INFO: logAction method triggered  
[2024-11-27 03:28:33] local.INFO: Action successfully logged  
[2024-11-27 03:28:33] local.INFO: Action successful from middleware {"user_id":92,"method":"GET","url":"http://localhost/libraryProject/library/learners/reactive/427","status_code":200} 
[2024-11-27 03:28:33] local.INFO: Action successful from middleware {"user_id":92,"method":"GET","url":"http://localhost/libraryProject/library/learners/reactive/427","status_code":200} 
[2024-11-27 03:51:55] local.INFO: logAction method triggered  
[2024-11-27 03:51:55] local.INFO: Action successfully logged  
[2024-11-27 03:51:55] local.INFO: Action successful from middleware {"user_id":92,"method":"GET","url":"http://localhost/libraryProject/library/learners/reactive/427","status_code":200} 
[2024-11-27 03:51:55] local.INFO: Action successful from middleware {"user_id":92,"method":"GET","url":"http://localhost/libraryProject/library/learners/reactive/427","status_code":200} 
[2024-11-27 03:52:03] local.INFO: logAction method triggered  
[2024-11-27 03:52:03] local.INFO: Action successfully logged  
[2024-11-27 03:52:03] local.INFO: Action successful from middleware {"user_id":92,"method":"GET","url":"http://localhost/libraryProject/getPrice?_token=hOrQ3C4V0Pz65KL7E89YujG6ia4xNC5Wmdzqb5OX&plan_id=148&plan_type_id=255","status_code":200} 
[2024-11-27 03:52:03] local.INFO: Action successful from middleware {"user_id":92,"method":"GET","url":"http://localhost/libraryProject/getPrice?_token=hOrQ3C4V0Pz65KL7E89YujG6ia4xNC5Wmdzqb5OX&plan_id=148&plan_type_id=255","status_code":200} 
[2024-11-27 03:52:15] local.INFO: logAction method triggered  
[2024-11-27 03:52:15] local.INFO: Action successfully logged  
[2024-11-27 03:52:15] local.INFO: Action successful from middleware {"user_id":92,"method":"PUT","url":"http://localhost/libraryProject/library/learners/reactive/427","status_code":302} 
[2024-11-27 03:52:15] local.INFO: Action successful from middleware {"user_id":92,"method":"PUT","url":"http://localhost/libraryProject/library/learners/reactive/427","status_code":302} 
[2024-11-27 03:52:16] local.INFO: logAction method triggered  
[2024-11-27 03:52:16] local.INFO: Action successfully logged  
[2024-11-27 03:52:16] local.INFO: Action successful from middleware {"user_id":92,"method":"GET","url":"http://localhost/libraryProject/library/learners/history/list","status_code":200} 
[2024-11-27 03:52:16] local.INFO: Action successful from middleware {"user_id":92,"method":"GET","url":"http://localhost/libraryProject/library/learners/history/list","status_code":200} 
[2024-11-27 03:54:11] local.INFO: logAction method triggered  
[2024-11-27 03:54:11] local.INFO: Action successfully logged  
[2024-11-27 03:54:11] local.INFO: Action successful from middleware {"user_id":92,"method":"GET","url":"http://localhost/libraryProject/library/learners/history/list","status_code":200} 
[2024-11-27 03:54:11] local.INFO: Action successful from middleware {"user_id":92,"method":"GET","url":"http://localhost/libraryProject/library/learners/history/list","status_code":200} 
[2024-11-27 03:54:16] local.INFO: logAction method triggered  
[2024-11-27 03:54:16] local.INFO: Action successfully logged  
[2024-11-27 03:54:16] local.INFO: Action successful from middleware {"user_id":92,"method":"GET","url":"http://localhost/libraryProject/library/learners/reactive/427","status_code":200} 
[2024-11-27 03:54:16] local.INFO: Action successful from middleware {"user_id":92,"method":"GET","url":"http://localhost/libraryProject/library/learners/reactive/427","status_code":200} 
[2024-11-27 03:54:19] local.INFO: logAction method triggered  
[2024-11-27 03:54:19] local.INFO: Action successfully logged  
[2024-11-27 03:54:19] local.INFO: Action successful from middleware {"user_id":92,"method":"GET","url":"http://localhost/libraryProject/getPrice?_token=hOrQ3C4V0Pz65KL7E89YujG6ia4xNC5Wmdzqb5OX&plan_id=148&plan_type_id=255","status_code":200} 
[2024-11-27 03:54:19] local.INFO: Action successful from middleware {"user_id":92,"method":"GET","url":"http://localhost/libraryProject/getPrice?_token=hOrQ3C4V0Pz65KL7E89YujG6ia4xNC5Wmdzqb5OX&plan_id=148&plan_type_id=255","status_code":200} 
[2024-11-27 03:55:05] local.INFO: Debug Booking {"startTime":"06:00","endTime":"10:00","bookingStartTime":"10:00","bookingEndTime":"14:00","overlap":false} 
[2024-11-27 03:55:05] local.INFO: logAction method triggered  
[2024-11-27 03:55:05] local.INFO: Action successfully logged  
[2024-11-27 03:55:05] local.INFO: Action successful from middleware {"user_id":92,"method":"PUT","url":"http://localhost/libraryProject/library/learners/reactive/427","status_code":302} 
[2024-11-27 03:55:05] local.INFO: Action successful from middleware {"user_id":92,"method":"PUT","url":"http://localhost/libraryProject/library/learners/reactive/427","status_code":302} 
[2024-11-27 03:55:05] local.INFO: logAction method triggered  
[2024-11-27 03:55:05] local.INFO: Action successfully logged  
[2024-11-27 03:55:05] local.INFO: Action successful from middleware {"user_id":92,"method":"GET","url":"http://localhost/libraryProject/library/learners/history/list","status_code":200} 
[2024-11-27 03:55:05] local.INFO: Action successful from middleware {"user_id":92,"method":"GET","url":"http://localhost/libraryProject/library/learners/history/list","status_code":200} 
[2024-11-27 07:20:40] local.INFO: logAction method triggered  
[2024-11-27 07:20:40] local.INFO: Action successfully logged  
[2024-11-27 07:20:40] local.INFO: Action successful from middleware {"user_id":92,"method":"GET","url":"http://localhost/libraryProject/library/learners/history/list","status_code":200} 
[2024-11-27 07:20:40] local.INFO: Action successful from middleware {"user_id":92,"method":"GET","url":"http://localhost/libraryProject/library/learners/history/list","status_code":200} 
[2024-11-27 15:58:20] local.INFO: Action successful from middleware {"user_id":null,"method":"GET","url":"http://localhost/libraryProject/library/login","status_code":200} 
[2024-11-27 15:59:06] local.INFO: Action successful from middleware {"user_id":null,"method":"POST","url":"http://localhost/libraryProject/login/store","status_code":302} 
[2024-11-27 15:59:07] local.INFO: logAction method triggered  
[2024-11-27 15:59:07] local.INFO: Action successfully logged  
[2024-11-27 15:59:07] local.INFO: Action successful from middleware {"user_id":92,"method":"GET","url":"http://localhost/libraryProject/library/home","status_code":200} 
[2024-11-27 15:59:07] local.INFO: Action successful from middleware {"user_id":92,"method":"GET","url":"http://localhost/libraryProject/library/home","status_code":200} 
[2024-11-27 15:59:09] local.INFO: logAction method triggered  
[2024-11-27 15:59:09] local.INFO: Action successfully logged  
[2024-11-27 15:59:09] local.INFO: Action successful from middleware {"user_id":92,"method":"POST","url":"http://localhost/libraryProject/dashboard/data","status_code":200} 
[2024-11-27 15:59:09] local.INFO: Action successful from middleware {"user_id":92,"method":"POST","url":"http://localhost/libraryProject/dashboard/data","status_code":200} 
[2024-11-27 15:59:16] local.INFO: logAction method triggered  
[2024-11-27 15:59:16] local.INFO: Action successfully logged  
[2024-11-27 15:59:16] local.INFO: Action successful from middleware {"user_id":92,"method":"GET","url":"http://localhost/libraryProject/library/learners/history/list","status_code":200} 
[2024-11-27 15:59:16] local.INFO: Action successful from middleware {"user_id":92,"method":"GET","url":"http://localhost/libraryProject/library/learners/history/list","status_code":200} 
[2024-11-27 16:02:26] local.INFO: logAction method triggered  
[2024-11-27 16:02:26] local.INFO: Action successfully logged  
[2024-11-27 16:02:26] local.INFO: Action successful from middleware {"user_id":92,"method":"GET","url":"http://localhost/libraryProject/library/learners/history/list","status_code":200} 
[2024-11-27 16:02:26] local.INFO: Action successful from middleware {"user_id":92,"method":"GET","url":"http://localhost/libraryProject/library/learners/history/list","status_code":200} 
[2024-11-27 16:12:35] local.INFO: logAction method triggered  
[2024-11-27 16:12:35] local.INFO: Action successfully logged  
[2024-11-27 16:12:35] local.INFO: Action successful from middleware {"user_id":92,"method":"GET","url":"http://localhost/libraryProject/library/learners/reactive/427","status_code":200} 
[2024-11-27 16:12:35] local.INFO: Action successful from middleware {"user_id":92,"method":"GET","url":"http://localhost/libraryProject/library/learners/reactive/427","status_code":200} 
[2024-11-27 16:12:53] local.INFO: logAction method triggered  
[2024-11-27 16:12:53] local.INFO: Action successfully logged  
[2024-11-27 16:12:53] local.INFO: Action successful from middleware {"user_id":92,"method":"GET","url":"http://localhost/libraryProject/library/learners","status_code":200} 
[2024-11-27 16:12:53] local.INFO: Action successful from middleware {"user_id":92,"method":"GET","url":"http://localhost/libraryProject/library/learners","status_code":200} 
[2024-11-27 16:13:07] local.INFO: Debug Booking {"startTime":"14:00","endTime":"22:00","bookingStartTime":"18:00","bookingEndTime":"22:00","overlap":true} 
[2024-11-27 16:13:07] local.INFO: logAction method triggered  
[2024-11-27 16:13:07] local.INFO: Action successfully logged  
[2024-11-27 16:13:07] local.INFO: Action successful from middleware {"user_id":92,"method":"PUT","url":"http://localhost/libraryProject/library/learners/reactive/427","status_code":302} 
[2024-11-27 16:13:07] local.INFO: Action successful from middleware {"user_id":92,"method":"PUT","url":"http://localhost/libraryProject/library/learners/reactive/427","status_code":302} 
[2024-11-27 16:13:08] local.INFO: logAction method triggered  
[2024-11-27 16:13:08] local.INFO: Action successfully logged  
[2024-11-27 16:13:08] local.INFO: Action successful from middleware {"user_id":92,"method":"GET","url":"http://localhost/libraryProject/library/learners/reactive/427","status_code":200} 
[2024-11-27 16:13:08] local.INFO: Action successful from middleware {"user_id":92,"method":"GET","url":"http://localhost/libraryProject/library/learners/reactive/427","status_code":200} 
[2024-11-27 16:13:25] local.INFO: logAction method triggered  
[2024-11-27 16:13:25] local.INFO: Action successfully logged  
[2024-11-27 16:13:25] local.INFO: Action successful from middleware {"user_id":92,"method":"PUT","url":"http://localhost/libraryProject/library/learners/reactive/427","status_code":302} 
[2024-11-27 16:13:25] local.INFO: Action successful from middleware {"user_id":92,"method":"PUT","url":"http://localhost/libraryProject/library/learners/reactive/427","status_code":302} 
[2024-11-27 16:13:25] local.INFO: logAction method triggered  
[2024-11-27 16:13:25] local.INFO: Action successfully logged  
[2024-11-27 16:13:26] local.INFO: Action successful from middleware {"user_id":92,"method":"GET","url":"http://localhost/libraryProject/library/learners/history/list","status_code":200} 
[2024-11-27 16:13:26] local.INFO: Action successful from middleware {"user_id":92,"method":"GET","url":"http://localhost/libraryProject/library/learners/history/list","status_code":200} 
[2024-11-27 16:15:33] local.INFO: logAction method triggered  
[2024-11-27 16:15:33] local.INFO: Action successfully logged  
[2024-11-27 16:15:33] local.INFO: Action successful from middleware {"user_id":92,"method":"GET","url":"http://localhost/libraryProject/library/learners/history/list","status_code":200} 
[2024-11-27 16:15:33] local.INFO: Action successful from middleware {"user_id":92,"method":"GET","url":"http://localhost/libraryProject/library/learners/history/list","status_code":200} 
[2024-11-27 16:15:35] local.INFO: logAction method triggered  
[2024-11-27 16:15:35] local.INFO: Action successfully logged  
[2024-11-27 16:15:35] local.INFO: Action successful from middleware {"user_id":92,"method":"GET","url":"http://localhost/libraryProject/library/learners/reactive/427","status_code":200} 
[2024-11-27 16:15:35] local.INFO: Action successful from middleware {"user_id":92,"method":"GET","url":"http://localhost/libraryProject/library/learners/reactive/427","status_code":200} 
[2024-11-27 16:15:42] local.INFO: logAction method triggered  
[2024-11-27 16:15:42] local.INFO: Action successfully logged  
[2024-11-27 16:15:42] local.INFO: Action successful from middleware {"user_id":92,"method":"PUT","url":"http://localhost/libraryProject/library/learners/reactive/427","status_code":302} 
[2024-11-27 16:15:42] local.INFO: Action successful from middleware {"user_id":92,"method":"PUT","url":"http://localhost/libraryProject/library/learners/reactive/427","status_code":302} 
[2024-11-27 16:15:43] local.INFO: logAction method triggered  
[2024-11-27 16:15:43] local.INFO: Action successfully logged  
[2024-11-27 16:15:43] local.INFO: Action successful from middleware {"user_id":92,"method":"GET","url":"http://localhost/libraryProject/library/learners/reactive/427","status_code":200} 
[2024-11-27 16:15:43] local.INFO: Action successful from middleware {"user_id":92,"method":"GET","url":"http://localhost/libraryProject/library/learners/reactive/427","status_code":200} 
[2024-11-27 16:18:53] local.INFO: logAction method triggered  
[2024-11-27 16:18:53] local.INFO: Action successfully logged  
[2024-11-27 16:18:53] local.INFO: Action successful from middleware {"user_id":92,"method":"GET","url":"http://localhost/libraryProject/library/learners/reactive/427","status_code":200} 
[2024-11-27 16:18:53] local.INFO: Action successful from middleware {"user_id":92,"method":"GET","url":"http://localhost/libraryProject/library/learners/reactive/427","status_code":200} 
[2024-11-27 16:19:02] local.INFO: logAction method triggered  
[2024-11-27 16:19:02] local.INFO: Action successfully logged  
[2024-11-27 16:19:02] local.INFO: Action successful from middleware {"user_id":92,"method":"PUT","url":"http://localhost/libraryProject/library/learners/reactive/427","status_code":302} 
[2024-11-27 16:19:02] local.INFO: Action successful from middleware {"user_id":92,"method":"PUT","url":"http://localhost/libraryProject/library/learners/reactive/427","status_code":302} 
[2024-11-27 16:19:02] local.INFO: logAction method triggered  
[2024-11-27 16:19:02] local.INFO: Action successfully logged  
[2024-11-27 16:19:02] local.INFO: Action successful from middleware {"user_id":92,"method":"GET","url":"http://localhost/libraryProject/library/learners/history/list","status_code":200} 
[2024-11-27 16:19:02] local.INFO: Action successful from middleware {"user_id":92,"method":"GET","url":"http://localhost/libraryProject/library/learners/history/list","status_code":200} 
[2024-11-27 16:22:00] local.INFO: logAction method triggered  
[2024-11-27 16:22:00] local.INFO: Action successfully logged  
[2024-11-27 16:22:00] local.INFO: Action successful from middleware {"user_id":92,"method":"GET","url":"http://localhost/libraryProject/library/learners/list","status_code":200} 
[2024-11-27 16:22:00] local.INFO: Action successful from middleware {"user_id":92,"method":"GET","url":"http://localhost/libraryProject/library/learners/list","status_code":200} 
[2024-11-27 16:22:15] local.INFO: logAction method triggered  
[2024-11-27 16:22:15] local.INFO: Action successfully logged  
[2024-11-27 16:22:15] local.INFO: Action successful from middleware {"user_id":92,"method":"GET","url":"http://localhost/libraryProject/library/learners/upgrade/421","status_code":200} 
[2024-11-27 16:22:15] local.INFO: Action successful from middleware {"user_id":92,"method":"GET","url":"http://localhost/libraryProject/library/learners/upgrade/421","status_code":200} 
[2024-11-27 16:22:15] local.INFO: logAction method triggered  
[2024-11-27 16:22:15] local.INFO: Action successfully logged  
[2024-11-27 16:22:15] local.INFO: Action successful from middleware {"user_id":92,"method":"GET","url":"http://localhost/libraryProject/getPlanTypeSeatWise?_token=ME44ITlOQat2ZoMBgptrBHrl3Ojj8mOgJru0ljwg&seatId=5","status_code":200} 
[2024-11-27 16:22:15] local.INFO: Action successful from middleware {"user_id":92,"method":"GET","url":"http://localhost/libraryProject/getPlanTypeSeatWise?_token=ME44ITlOQat2ZoMBgptrBHrl3Ojj8mOgJru0ljwg&seatId=5","status_code":200} 
[2024-11-27 16:23:18] local.INFO: logAction method triggered  
[2024-11-27 16:23:18] local.INFO: Action successfully logged  
[2024-11-27 16:23:18] local.INFO: Action successful from middleware {"user_id":92,"method":"GET","url":"http://localhost/libraryProject/getPrice?_token=ME44ITlOQat2ZoMBgptrBHrl3Ojj8mOgJru0ljwg&plan_id=148&plan_type_id=255","status_code":200} 
[2024-11-27 16:23:18] local.INFO: Action successful from middleware {"user_id":92,"method":"GET","url":"http://localhost/libraryProject/getPrice?_token=ME44ITlOQat2ZoMBgptrBHrl3Ojj8mOgJru0ljwg&plan_id=148&plan_type_id=255","status_code":200} 
[2024-11-27 16:23:29] local.INFO: logAction method triggered  
[2024-11-27 16:23:29] local.INFO: Action successfully logged  
[2024-11-27 16:23:29] local.INFO: Action successful from middleware {"user_id":92,"method":"GET","url":"http://localhost/libraryProject/library/learners/upgrade/421","status_code":200} 
[2024-11-27 16:23:29] local.INFO: Action successful from middleware {"user_id":92,"method":"GET","url":"http://localhost/libraryProject/library/learners/upgrade/421","status_code":200} 
[2024-11-27 16:23:29] local.INFO: logAction method triggered  
[2024-11-27 16:23:29] local.INFO: Action successfully logged  
[2024-11-27 16:23:29] local.INFO: Action successful from middleware {"user_id":92,"method":"GET","url":"http://localhost/libraryProject/getPlanTypeSeatWise?_token=ME44ITlOQat2ZoMBgptrBHrl3Ojj8mOgJru0ljwg&seatId=5","status_code":200} 
[2024-11-27 16:23:29] local.INFO: Action successful from middleware {"user_id":92,"method":"GET","url":"http://localhost/libraryProject/getPlanTypeSeatWise?_token=ME44ITlOQat2ZoMBgptrBHrl3Ojj8mOgJru0ljwg&seatId=5","status_code":200} 
[2024-11-27 16:23:35] local.INFO: logAction method triggered  
[2024-11-27 16:23:35] local.INFO: Action successfully logged  
[2024-11-27 16:23:35] local.INFO: Action successful from middleware {"user_id":92,"method":"GET","url":"http://localhost/libraryProject/library/learners","status_code":200} 
[2024-11-27 16:23:35] local.INFO: Action successful from middleware {"user_id":92,"method":"GET","url":"http://localhost/libraryProject/library/learners","status_code":200} 
[2024-11-27 16:23:44] local.INFO: logAction method triggered  
[2024-11-27 16:23:44] local.INFO: Action successfully logged  
[2024-11-27 16:23:44] local.INFO: Action successful from middleware {"user_id":92,"method":"GET","url":"http://localhost/libraryProject/library/learners/list","status_code":200} 
[2024-11-27 16:23:44] local.INFO: Action successful from middleware {"user_id":92,"method":"GET","url":"http://localhost/libraryProject/library/learners/list","status_code":200} 
[2024-11-27 16:23:48] local.INFO: logAction method triggered  
[2024-11-27 16:23:48] local.INFO: Action successfully logged  
[2024-11-27 16:23:48] local.INFO: Action successful from middleware {"user_id":92,"method":"GET","url":"http://localhost/libraryProject/library/learners/upgrade/423","status_code":200} 
[2024-11-27 16:23:48] local.INFO: Action successful from middleware {"user_id":92,"method":"GET","url":"http://localhost/libraryProject/library/learners/upgrade/423","status_code":200} 
[2024-11-27 16:23:49] local.INFO: logAction method triggered  
[2024-11-27 16:23:49] local.INFO: Action successfully logged  
[2024-11-27 16:23:49] local.INFO: Action successful from middleware {"user_id":92,"method":"GET","url":"http://localhost/libraryProject/getPlanTypeSeatWise?_token=ME44ITlOQat2ZoMBgptrBHrl3Ojj8mOgJru0ljwg&seatId=6","status_code":200} 
[2024-11-27 16:23:49] local.INFO: Action successful from middleware {"user_id":92,"method":"GET","url":"http://localhost/libraryProject/getPlanTypeSeatWise?_token=ME44ITlOQat2ZoMBgptrBHrl3Ojj8mOgJru0ljwg&seatId=6","status_code":200} 
[2024-11-27 16:23:52] local.INFO: logAction method triggered  
[2024-11-27 16:23:52] local.INFO: Action successfully logged  
[2024-11-27 16:23:52] local.INFO: Action successful from middleware {"user_id":92,"method":"GET","url":"http://localhost/libraryProject/getPrice?_token=ME44ITlOQat2ZoMBgptrBHrl3Ojj8mOgJru0ljwg&plan_id=150&plan_type_id=255","status_code":200} 
[2024-11-27 16:23:52] local.INFO: Action successful from middleware {"user_id":92,"method":"GET","url":"http://localhost/libraryProject/getPrice?_token=ME44ITlOQat2ZoMBgptrBHrl3Ojj8mOgJru0ljwg&plan_id=150&plan_type_id=255","status_code":200} 
[2024-11-27 17:23:03] local.INFO: Incoming Request Data: {"learner_id":423,"field_updated":"plan_type_id","old_value":"252","new_value":"255","operation":"learnerUpgrade","updated_by":92,"created_at":"2024-11-27T17:23:03.374Z"} 
[2024-11-27 17:23:03] local.INFO: Validation Successful: {"learner_id":423,"field_updated":"plan_type_id","old_value":"252","new_value":"255","updated_by":92,"operation":"learnerUpgrade"} 
[2024-11-27 17:23:03] local.INFO: Data inserted successfully  
[2024-11-27 17:23:03] local.INFO: logAction method triggered  
[2024-11-27 17:23:03] local.INFO: Action successfully logged  
[2024-11-27 17:23:03] local.INFO: Action successful from middleware {"user_id":92,"method":"POST","url":"http://localhost/libraryProject/library/learners/log","status_code":200} 
[2024-11-27 17:23:03] local.INFO: Action successful from middleware {"user_id":92,"method":"POST","url":"http://localhost/libraryProject/library/learners/log","status_code":200} 
[2024-11-27 17:23:04] local.INFO: logAction method triggered  
[2024-11-27 17:23:04] local.ERROR: Failed to log action: SQLSTATE[22001]: String data, right truncated: 1406 Data too long for column 'request_body' at row 1 (Connection: mysql, SQL: insert into `library_activity_log` (`library_id`, `method`, `url`, `status_code`, `ip_address`, `created_at`, `action`, `request_body`) values (92, PUT, http://localhost/libraryProject/library/learners/upgrade/update/423, 302, ::1, 2024-11-27 17:23:04, edit, {"_token":"ME44ITlOQat2ZoMBgptrBHrl3Ojj8mOgJru0ljwg","_method":"PUT","name":"expire this month","dob":"2024-11-22","mobile":"3333333333","email":"thismonthexpire@gmail.com","seat_no":"6","user_id":"423","plan_id":"150","plan_type_id":"255","plan_price_id":"1500","plan_end_date":"2025-05-16"}))  
[2024-11-27 17:23:04] local.INFO: Action successful from middleware {"user_id":92,"method":"PUT","url":"http://localhost/libraryProject/library/learners/upgrade/update/423","status_code":302} 
[2024-11-27 17:23:04] local.INFO: Action successful from middleware {"user_id":92,"method":"PUT","url":"http://localhost/libraryProject/library/learners/upgrade/update/423","status_code":302} 
[2024-11-27 17:23:05] local.INFO: logAction method triggered  
[2024-11-27 17:23:05] local.INFO: Action successfully logged  
[2024-11-27 17:23:05] local.INFO: Action successful from middleware {"user_id":92,"method":"GET","url":"http://localhost/libraryProject/library/learners/list","status_code":200} 
[2024-11-27 17:23:05] local.INFO: Action successful from middleware {"user_id":92,"method":"GET","url":"http://localhost/libraryProject/library/learners/list","status_code":200} 
[2024-11-27 17:24:53] local.INFO: logAction method triggered  
[2024-11-27 17:24:53] local.INFO: Action successfully logged  
[2024-11-27 17:24:53] local.INFO: Action successful from middleware {"user_id":92,"method":"GET","url":"http://localhost/libraryProject/library/learners/list","status_code":200} 
[2024-11-27 17:24:53] local.INFO: Action successful from middleware {"user_id":92,"method":"GET","url":"http://localhost/libraryProject/library/learners/list","status_code":200} 
[2024-11-27 17:25:06] local.INFO: logAction method triggered  
[2024-11-27 17:25:06] local.INFO: Action successfully logged  
[2024-11-27 17:25:06] local.INFO: Action successful from middleware {"user_id":92,"method":"GET","url":"http://localhost/libraryProject/library/learners/upgrade/421","status_code":200} 
[2024-11-27 17:25:06] local.INFO: Action successful from middleware {"user_id":92,"method":"GET","url":"http://localhost/libraryProject/library/learners/upgrade/421","status_code":200} 
[2024-11-27 17:25:06] local.INFO: logAction method triggered  
[2024-11-27 17:25:06] local.INFO: Action successfully logged  
[2024-11-27 17:25:06] local.INFO: Action successful from middleware {"user_id":92,"method":"GET","url":"http://localhost/libraryProject/getPlanTypeSeatWise?_token=ME44ITlOQat2ZoMBgptrBHrl3Ojj8mOgJru0ljwg&seatId=5","status_code":200} 
[2024-11-27 17:25:06] local.INFO: Action successful from middleware {"user_id":92,"method":"GET","url":"http://localhost/libraryProject/getPlanTypeSeatWise?_token=ME44ITlOQat2ZoMBgptrBHrl3Ojj8mOgJru0ljwg&seatId=5","status_code":200} 
[2024-11-27 17:25:28] local.INFO: logAction method triggered  
[2024-11-27 17:25:28] local.INFO: Action successfully logged  
[2024-11-27 17:25:28] local.INFO: Action successful from middleware {"user_id":92,"method":"GET","url":"http://localhost/libraryProject/getPrice?_token=ME44ITlOQat2ZoMBgptrBHrl3Ojj8mOgJru0ljwg&plan_id=148&plan_type_id=257","status_code":200} 
[2024-11-27 17:25:28] local.INFO: Action successful from middleware {"user_id":92,"method":"GET","url":"http://localhost/libraryProject/getPrice?_token=ME44ITlOQat2ZoMBgptrBHrl3Ojj8mOgJru0ljwg&plan_id=148&plan_type_id=257","status_code":200} 
[2024-11-27 17:26:52] local.INFO: Incoming Request Data: {"learner_id":421,"field_updated":"plan_type_id","old_value":"258","new_value":"257","operation":"learnerUpgrade","updated_by":92,"created_at":"2024-11-27T17:26:51.500Z"} 
[2024-11-27 17:26:52] local.INFO: Validation Successful: {"learner_id":421,"field_updated":"plan_type_id","old_value":"258","new_value":"257","updated_by":92,"operation":"learnerUpgrade"} 
[2024-11-27 17:26:52] local.INFO: Data inserted successfully  
[2024-11-27 17:26:52] local.INFO: logAction method triggered  
[2024-11-27 17:26:52] local.INFO: Action successfully logged  
[2024-11-27 17:26:52] local.INFO: Action successful from middleware {"user_id":92,"method":"POST","url":"http://localhost/libraryProject/library/learners/log","status_code":200} 
[2024-11-27 17:26:52] local.INFO: Action successful from middleware {"user_id":92,"method":"POST","url":"http://localhost/libraryProject/library/learners/log","status_code":200} 
[2024-11-27 17:26:52] local.INFO: logAction method triggered  
[2024-11-27 17:26:52] local.ERROR: Failed to log action: SQLSTATE[22001]: String data, right truncated: 1406 Data too long for column 'request_body' at row 1 (Connection: mysql, SQL: insert into `library_activity_log` (`library_id`, `method`, `url`, `status_code`, `ip_address`, `created_at`, `action`, `request_body`) values (92, PUT, http://localhost/libraryProject/library/learners/upgrade/update/421, 302, ::1, 2024-11-27 17:26:52, edit, {"_token":"ME44ITlOQat2ZoMBgptrBHrl3Ojj8mOgJru0ljwg","_method":"PUT","name":"hourly four","dob":"2024-11-22","mobile":"4444444444","email":"hourly4@gmail.com","seat_no":"5","user_id":"421","plan_id":"148","plan_type_id":"257","plan_price_id":"250","plan_end_date":"2024-12-22"}))  
[2024-11-27 17:26:52] local.INFO: Action successful from middleware {"user_id":92,"method":"PUT","url":"http://localhost/libraryProject/library/learners/upgrade/update/421","status_code":302} 
[2024-11-27 17:26:52] local.INFO: Action successful from middleware {"user_id":92,"method":"PUT","url":"http://localhost/libraryProject/library/learners/upgrade/update/421","status_code":302} 
[2024-11-27 17:26:53] local.INFO: logAction method triggered  
[2024-11-27 17:26:53] local.INFO: Action successfully logged  
[2024-11-27 17:26:53] local.INFO: Action successful from middleware {"user_id":92,"method":"GET","url":"http://localhost/libraryProject/library/learners/list","status_code":200} 
[2024-11-27 17:26:53] local.INFO: Action successful from middleware {"user_id":92,"method":"GET","url":"http://localhost/libraryProject/library/learners/list","status_code":200} 
[2024-11-28 01:12:04] local.INFO: logAction method triggered  
[2024-11-28 01:12:04] local.INFO: Action successfully logged  
[2024-11-28 01:12:04] local.INFO: Action successful from middleware {"user_id":92,"method":"GET","url":"http://localhost/libraryProject/library/learners/list","status_code":200} 
[2024-11-28 01:12:04] local.INFO: Action successful from middleware {"user_id":92,"method":"GET","url":"http://localhost/libraryProject/library/learners/list","status_code":200} 
[2024-11-28 01:17:19] local.INFO: logAction method triggered  
[2024-11-28 01:17:19] local.INFO: Action successfully logged  
[2024-11-28 01:17:19] local.INFO: Action successful from middleware {"user_id":92,"method":"GET","url":"http://localhost/libraryProject/library/learners/swap/424","status_code":200} 
[2024-11-28 01:17:19] local.INFO: Action successful from middleware {"user_id":92,"method":"GET","url":"http://localhost/libraryProject/library/learners/swap/424","status_code":200} 
[2024-11-28 01:18:02] local.INFO: logAction method triggered  
[2024-11-28 01:18:02] local.INFO: Action successfully logged  
[2024-11-28 01:18:02] local.INFO: Action successful from middleware {"user_id":92,"method":"GET","url":"http://localhost/libraryProject/getSeatStatus?_token=wyx7BY8K454zQimOfZMUebpBtJxLxHtFDuLtswW0&new_seat_id=1077&plan_type_id=252&user_id=424","status_code":200} 
[2024-11-28 01:18:02] local.INFO: Action successful from middleware {"user_id":92,"method":"GET","url":"http://localhost/libraryProject/getSeatStatus?_token=wyx7BY8K454zQimOfZMUebpBtJxLxHtFDuLtswW0&new_seat_id=1077&plan_type_id=252&user_id=424","status_code":200} 
[2024-11-28 01:18:05] local.INFO: logAction method triggered  
[2024-11-28 01:18:05] local.INFO: Action successfully logged  
[2024-11-28 01:18:05] local.INFO: Action successful from middleware {"user_id":92,"method":"GET","url":"http://localhost/libraryProject/getSeatStatus?_token=wyx7BY8K454zQimOfZMUebpBtJxLxHtFDuLtswW0&new_seat_id=1078&plan_type_id=252&user_id=424","status_code":200} 
[2024-11-28 01:18:05] local.INFO: Action successful from middleware {"user_id":92,"method":"GET","url":"http://localhost/libraryProject/getSeatStatus?_token=wyx7BY8K454zQimOfZMUebpBtJxLxHtFDuLtswW0&new_seat_id=1078&plan_type_id=252&user_id=424","status_code":200} 
[2024-11-28 01:18:07] local.INFO: logAction method triggered  
[2024-11-28 01:18:07] local.INFO: Action successfully logged  
[2024-11-28 01:18:07] local.INFO: Action successful from middleware {"user_id":92,"method":"GET","url":"http://localhost/libraryProject/getSeatStatus?_token=wyx7BY8K454zQimOfZMUebpBtJxLxHtFDuLtswW0&new_seat_id=1079&plan_type_id=252&user_id=424","status_code":200} 
[2024-11-28 01:18:07] local.INFO: Action successful from middleware {"user_id":92,"method":"GET","url":"http://localhost/libraryProject/getSeatStatus?_token=wyx7BY8K454zQimOfZMUebpBtJxLxHtFDuLtswW0&new_seat_id=1079&plan_type_id=252&user_id=424","status_code":200} 
[2024-11-28 01:18:09] local.INFO: logAction method triggered  
[2024-11-28 01:18:09] local.INFO: Action successfully logged  
[2024-11-28 01:18:09] local.INFO: Action successful from middleware {"user_id":92,"method":"GET","url":"http://localhost/libraryProject/getSeatStatus?_token=wyx7BY8K454zQimOfZMUebpBtJxLxHtFDuLtswW0&new_seat_id=1080&plan_type_id=252&user_id=424","status_code":200} 
[2024-11-28 01:18:09] local.INFO: Action successful from middleware {"user_id":92,"method":"GET","url":"http://localhost/libraryProject/getSeatStatus?_token=wyx7BY8K454zQimOfZMUebpBtJxLxHtFDuLtswW0&new_seat_id=1080&plan_type_id=252&user_id=424","status_code":200} 
[2024-11-28 01:18:14] local.INFO: Incoming Request Data: {"learner_id":424,"field_updated":"seat_id","old_value":"1076","new_value":"1080","operation":"swapseat","updated_by":92,"created_at":"2024-11-28T01:18:14.128Z"} 
[2024-11-28 01:18:14] local.INFO: Validation Successful: {"learner_id":424,"field_updated":"seat_id","old_value":"1076","new_value":"1080","updated_by":92,"operation":"swapseat"} 
[2024-11-28 01:18:14] local.INFO: Data inserted successfully  
[2024-11-28 01:18:14] local.INFO: logAction method triggered  
[2024-11-28 01:18:14] local.INFO: Action successfully logged  
[2024-11-28 01:18:14] local.INFO: Action successful from middleware {"user_id":92,"method":"POST","url":"http://localhost/libraryProject/library/learners/log","status_code":200} 
[2024-11-28 01:18:14] local.INFO: Action successful from middleware {"user_id":92,"method":"POST","url":"http://localhost/libraryProject/library/learners/log","status_code":200} 
[2024-11-28 01:18:14] local.INFO: logAction method triggered  
[2024-11-28 01:18:14] local.INFO: Action successfully logged  
[2024-11-28 01:18:14] local.INFO: Action successful from middleware {"user_id":92,"method":"PUT","url":"http://localhost/libraryProject/library/learners/swap-seat?424=","status_code":302} 
[2024-11-28 01:18:14] local.INFO: Action successful from middleware {"user_id":92,"method":"PUT","url":"http://localhost/libraryProject/library/learners/swap-seat?424=","status_code":302} 
[2024-11-28 01:18:15] local.INFO: logAction method triggered  
[2024-11-28 01:18:15] local.INFO: Action successfully logged  
[2024-11-28 01:18:15] local.INFO: Action successful from middleware {"user_id":92,"method":"GET","url":"http://localhost/libraryProject/library/learners/list","status_code":200} 
[2024-11-28 01:18:15] local.INFO: Action successful from middleware {"user_id":92,"method":"GET","url":"http://localhost/libraryProject/library/learners/list","status_code":200} 
[2024-11-28 01:19:50] local.INFO: logAction method triggered  
[2024-11-28 01:19:50] local.INFO: Action successfully logged  
[2024-11-28 01:19:50] local.INFO: Action successful from middleware {"user_id":92,"method":"POST","url":"http://localhost/libraryProject/library/learners/close","status_code":200} 
[2024-11-28 01:19:50] local.INFO: Action successful from middleware {"user_id":92,"method":"POST","url":"http://localhost/libraryProject/library/learners/close","status_code":200} 
[2024-11-28 01:19:51] local.INFO: Incoming Request Data: {"learner_id":"423","field_updated":"plan_end_date","old_value":"2025-05-16","new_value":"2024-11-28","operation":"closeSeat","updated_by":92,"created_at":"2024-11-28T01:19:50.877Z"} 
[2024-11-28 01:19:51] local.INFO: Validation Successful: {"learner_id":"423","field_updated":"plan_end_date","old_value":"2025-05-16","new_value":"2024-11-28","updated_by":92,"operation":"closeSeat"} 
[2024-11-28 01:19:51] local.INFO: Data inserted successfully  
[2024-11-28 01:19:51] local.INFO: logAction method triggered  
[2024-11-28 01:19:51] local.INFO: Action successfully logged  
[2024-11-28 01:19:51] local.INFO: Action successful from middleware {"user_id":92,"method":"POST","url":"http://localhost/libraryProject/library/learners/log","status_code":200} 
[2024-11-28 01:19:51] local.INFO: Action successful from middleware {"user_id":92,"method":"POST","url":"http://localhost/libraryProject/library/learners/log","status_code":200} 
[2024-11-28 01:19:53] local.INFO: logAction method triggered  
[2024-11-28 01:19:53] local.INFO: Action successfully logged  
[2024-11-28 01:19:53] local.INFO: Action successful from middleware {"user_id":92,"method":"GET","url":"http://localhost/libraryProject/library/learners/list","status_code":200} 
[2024-11-28 01:19:53] local.INFO: Action successful from middleware {"user_id":92,"method":"GET","url":"http://localhost/libraryProject/library/learners/list","status_code":200} 
[2024-11-28 01:24:45] local.INFO: logAction method triggered  
[2024-11-28 01:24:45] local.INFO: Action successfully logged  
[2024-11-28 01:24:45] local.INFO: Action successful from middleware {"user_id":92,"method":"GET","url":"http://localhost/libraryProject/library/learners/list","status_code":200} 
[2024-11-28 01:24:45] local.INFO: Action successful from middleware {"user_id":92,"method":"GET","url":"http://localhost/libraryProject/library/learners/list","status_code":200} 
[2024-11-28 01:27:55] local.INFO: logAction method triggered  
[2024-11-28 01:27:55] local.INFO: Action successfully logged  
[2024-11-28 01:27:55] local.INFO: Action successful from middleware {"user_id":92,"method":"DELETE","url":"http://localhost/libraryProject/library/learners/416","status_code":200} 
[2024-11-28 01:27:55] local.INFO: Action successful from middleware {"user_id":92,"method":"DELETE","url":"http://localhost/libraryProject/library/learners/416","status_code":200} 
[2024-11-28 01:27:55] local.INFO: Incoming Request Data: {"learner_id":416,"field_updated":"deleted_at","old_value":null,"new_value":"2024-11-28T01:27:45.083Z","operation":"deleteSeat","updated_by":92,"created_at":"2024-11-28T01:27:55.431Z"} 
[2024-11-28 01:27:55] local.INFO: Validation Successful: {"learner_id":416,"field_updated":"deleted_at","old_value":null,"new_value":"2024-11-28T01:27:45.083Z","updated_by":92,"operation":"deleteSeat"} 
[2024-11-28 01:27:55] local.INFO: Data inserted successfully  
[2024-11-28 01:27:55] local.INFO: logAction method triggered  
[2024-11-28 01:27:55] local.INFO: Action successfully logged  
[2024-11-28 01:27:55] local.INFO: Action successful from middleware {"user_id":92,"method":"POST","url":"http://localhost/libraryProject/library/learners/log","status_code":200} 
[2024-11-28 01:27:55] local.INFO: Action successful from middleware {"user_id":92,"method":"POST","url":"http://localhost/libraryProject/library/learners/log","status_code":200} 
[2024-11-28 01:27:57] local.INFO: logAction method triggered  
[2024-11-28 01:27:57] local.INFO: Action successfully logged  
[2024-11-28 01:27:57] local.INFO: Action successful from middleware {"user_id":92,"method":"GET","url":"http://localhost/libraryProject/library/learners/list","status_code":200} 
[2024-11-28 01:27:57] local.INFO: Action successful from middleware {"user_id":92,"method":"GET","url":"http://localhost/libraryProject/library/learners/list","status_code":200} 
[2024-11-28 01:31:10] local.INFO: logAction method triggered  
[2024-11-28 01:31:10] local.INFO: Action successfully logged  
[2024-11-28 01:31:10] local.INFO: Action successful from middleware {"user_id":92,"method":"GET","url":"http://localhost/libraryProject/library/learners/history/list","status_code":200} 
[2024-11-28 01:31:10] local.INFO: Action successful from middleware {"user_id":92,"method":"GET","url":"http://localhost/libraryProject/library/learners/history/list","status_code":200} 
[2024-11-28 01:33:12] local.INFO: logAction method triggered  
[2024-11-28 01:33:12] local.INFO: Action successfully logged  
[2024-11-28 01:33:12] local.INFO: Action successful from middleware {"user_id":92,"method":"GET","url":"http://localhost/libraryProject/library/learners/reactive/423","status_code":200} 
[2024-11-28 01:33:12] local.INFO: Action successful from middleware {"user_id":92,"method":"GET","url":"http://localhost/libraryProject/library/learners/reactive/423","status_code":200} 
[2024-11-28 01:33:15] local.INFO: logAction method triggered  
[2024-11-28 01:33:15] local.INFO: Action successfully logged  
[2024-11-28 01:33:15] local.INFO: Action successful from middleware {"user_id":92,"method":"PUT","url":"http://localhost/libraryProject/library/learners/reactive/423","status_code":302} 
[2024-11-28 01:33:15] local.INFO: Action successful from middleware {"user_id":92,"method":"PUT","url":"http://localhost/libraryProject/library/learners/reactive/423","status_code":302} 
[2024-11-28 01:33:15] local.INFO: logAction method triggered  
[2024-11-28 01:33:15] local.INFO: Action successfully logged  
[2024-11-28 01:33:15] local.INFO: Action successful from middleware {"user_id":92,"method":"GET","url":"http://localhost/libraryProject/library/learners/reactive/423","status_code":200} 
[2024-11-28 01:33:15] local.INFO: Action successful from middleware {"user_id":92,"method":"GET","url":"http://localhost/libraryProject/library/learners/reactive/423","status_code":200} 
[2024-11-28 01:33:52] local.INFO: logAction method triggered  
[2024-11-28 01:33:52] local.INFO: Action successfully logged  
[2024-11-28 01:33:52] local.INFO: Action successful from middleware {"user_id":92,"method":"PUT","url":"http://localhost/libraryProject/library/learners/reactive/423","status_code":302} 
[2024-11-28 01:33:52] local.INFO: Action successful from middleware {"user_id":92,"method":"PUT","url":"http://localhost/libraryProject/library/learners/reactive/423","status_code":302} 
[2024-11-28 01:33:52] local.INFO: logAction method triggered  
[2024-11-28 01:33:52] local.INFO: Action successfully logged  
[2024-11-28 01:33:52] local.INFO: Action successful from middleware {"user_id":92,"method":"GET","url":"http://localhost/libraryProject/library/learners/history/list","status_code":200} 
[2024-11-28 01:33:52] local.INFO: Action successful from middleware {"user_id":92,"method":"GET","url":"http://localhost/libraryProject/library/learners/history/list","status_code":200} 
[2024-11-28 01:37:00] local.INFO: logAction method triggered  
[2024-11-28 01:37:00] local.INFO: Action successfully logged  
[2024-11-28 01:37:00] local.INFO: Action successful from middleware {"user_id":92,"method":"GET","url":"http://localhost/libraryProject/library/learners/list","status_code":200} 
[2024-11-28 01:37:00] local.INFO: Action successful from middleware {"user_id":92,"method":"GET","url":"http://localhost/libraryProject/library/learners/list","status_code":200} 
[2024-11-28 01:37:47] local.INFO: logAction method triggered  
[2024-11-28 01:37:47] local.INFO: Action successfully logged  
[2024-11-28 01:37:47] local.INFO: Action successful from middleware {"user_id":92,"method":"GET","url":"http://localhost/libraryProject/library/learners/upgrade/421","status_code":200} 
[2024-11-28 01:37:47] local.INFO: Action successful from middleware {"user_id":92,"method":"GET","url":"http://localhost/libraryProject/library/learners/upgrade/421","status_code":200} 
[2024-11-28 01:37:47] local.INFO: logAction method triggered  
[2024-11-28 01:37:47] local.INFO: Action successfully logged  
[2024-11-28 01:37:47] local.INFO: Action successful from middleware {"user_id":92,"method":"GET","url":"http://localhost/libraryProject/getPlanTypeSeatWise?_token=wyx7BY8K454zQimOfZMUebpBtJxLxHtFDuLtswW0&seatId=5","status_code":200} 
[2024-11-28 01:37:47] local.INFO: Action successful from middleware {"user_id":92,"method":"GET","url":"http://localhost/libraryProject/getPlanTypeSeatWise?_token=wyx7BY8K454zQimOfZMUebpBtJxLxHtFDuLtswW0&seatId=5","status_code":200} 
[2024-11-28 01:39:34] local.INFO: logAction method triggered  
[2024-11-28 01:39:34] local.INFO: Action successfully logged  
[2024-11-28 01:39:34] local.INFO: Action successful from middleware {"user_id":92,"method":"GET","url":"http://localhost/libraryProject/getPrice?_token=wyx7BY8K454zQimOfZMUebpBtJxLxHtFDuLtswW0&plan_id=148&plan_type_id=252","status_code":200} 
[2024-11-28 01:39:34] local.INFO: Action successful from middleware {"user_id":92,"method":"GET","url":"http://localhost/libraryProject/getPrice?_token=wyx7BY8K454zQimOfZMUebpBtJxLxHtFDuLtswW0&plan_id=148&plan_type_id=252","status_code":200} 
[2024-11-28 01:39:54] local.INFO: Incoming Request Data: {"learner_id":421,"field_updated":"plan_type_id","old_value":"257","new_value":"252","operation":"learnerUpgrade","updated_by":92,"created_at":"2024-11-28T01:39:53.881Z"} 
[2024-11-28 01:39:54] local.INFO: Validation Successful: {"learner_id":421,"field_updated":"plan_type_id","old_value":"257","new_value":"252","updated_by":92,"operation":"learnerUpgrade"} 
[2024-11-28 01:39:54] local.INFO: Data inserted successfully  
[2024-11-28 01:39:54] local.INFO: logAction method triggered  
[2024-11-28 01:39:54] local.INFO: Action successfully logged  
[2024-11-28 01:39:54] local.INFO: Action successful from middleware {"user_id":92,"method":"POST","url":"http://localhost/libraryProject/library/learners/log","status_code":200} 
[2024-11-28 01:39:54] local.INFO: Action successful from middleware {"user_id":92,"method":"POST","url":"http://localhost/libraryProject/library/learners/log","status_code":200} 
[2024-11-28 01:39:54] local.INFO: logAction method triggered  
[2024-11-28 01:39:54] local.ERROR: Failed to log action: SQLSTATE[22001]: String data, right truncated: 1406 Data too long for column 'request_body' at row 1 (Connection: mysql, SQL: insert into `library_activity_log` (`library_id`, `method`, `url`, `status_code`, `ip_address`, `created_at`, `action`, `request_body`) values (92, PUT, http://localhost/libraryProject/library/learners/upgrade/update/421, 302, ::1, 2024-11-28 01:39:54, edit, {"_token":"wyx7BY8K454zQimOfZMUebpBtJxLxHtFDuLtswW0","_method":"PUT","name":"hourly four","dob":"2024-11-22","mobile":"4444444444","email":"hourly4@gmail.com","seat_no":"5","user_id":"421","plan_id":"148","plan_type_id":"252","plan_price_id":"800","plan_end_date":"2024-12-22"}))  
[2024-11-28 01:39:54] local.INFO: Action successful from middleware {"user_id":92,"method":"PUT","url":"http://localhost/libraryProject/library/learners/upgrade/update/421","status_code":302} 
[2024-11-28 01:39:54] local.INFO: Action successful from middleware {"user_id":92,"method":"PUT","url":"http://localhost/libraryProject/library/learners/upgrade/update/421","status_code":302} 
[2024-11-28 01:39:55] local.INFO: logAction method triggered  
[2024-11-28 01:39:55] local.INFO: Action successfully logged  
[2024-11-28 01:39:55] local.INFO: Action successful from middleware {"user_id":92,"method":"GET","url":"http://localhost/libraryProject/library/learners/list","status_code":200} 
[2024-11-28 01:39:55] local.INFO: Action successful from middleware {"user_id":92,"method":"GET","url":"http://localhost/libraryProject/library/learners/list","status_code":200} 
[2024-11-28 01:45:28] local.INFO: logAction method triggered  
[2024-11-28 01:45:28] local.INFO: Action successfully logged  
[2024-11-28 01:45:28] local.INFO: Action successful from middleware {"user_id":92,"method":"GET","url":"http://localhost/libraryProject/library/learners/payment/430","status_code":200} 
[2024-11-28 01:45:28] local.INFO: Action successful from middleware {"user_id":92,"method":"GET","url":"http://localhost/libraryProject/library/learners/payment/430","status_code":200} 
[2024-11-28 01:45:43] local.INFO: Incoming Request Data: {"learner_id":417,"field_updated":"payment_mode","old_value":"3","new_value":"2","operation":"payment","updated_by":92,"created_at":"2024-11-28T01:45:42.952Z"} 
[2024-11-28 01:45:43] local.INFO: Validation Successful: {"learner_id":417,"field_updated":"payment_mode","old_value":"3","new_value":"2","updated_by":92,"operation":"payment"} 
[2024-11-28 01:45:43] local.INFO: Incoming Request Data: {"learner_id":417,"field_updated":"transaction_id","old_value":null,"new_value":"8787","operation":"payment","updated_by":92,"created_at":"2024-11-28T01:45:42.951Z"} 
[2024-11-28 01:45:43] local.INFO: Data inserted successfully  
[2024-11-28 01:45:43] local.INFO: logAction method triggered  
[2024-11-28 01:45:43] local.INFO: Validation Successful: {"learner_id":417,"field_updated":"transaction_id","old_value":null,"new_value":"8787","updated_by":92,"operation":"payment"} 
[2024-11-28 01:45:43] local.INFO: Action successfully logged  
[2024-11-28 01:45:43] local.INFO: Action successful from middleware {"user_id":92,"method":"POST","url":"http://localhost/libraryProject/library/learners/log","status_code":200} 
[2024-11-28 01:45:43] local.INFO: Data inserted successfully  
[2024-11-28 01:45:43] local.INFO: logAction method triggered  
[2024-11-28 01:45:43] local.INFO: Action successfully logged  
[2024-11-28 01:45:43] local.INFO: Action successful from middleware {"user_id":92,"method":"POST","url":"http://localhost/libraryProject/library/learners/log","status_code":200} 
[2024-11-28 01:45:43] local.INFO: Action successful from middleware {"user_id":92,"method":"POST","url":"http://localhost/libraryProject/library/learners/log","status_code":200} 
[2024-11-28 01:45:43] local.INFO: Action successful from middleware {"user_id":92,"method":"POST","url":"http://localhost/libraryProject/library/learners/log","status_code":200} 
[2024-11-28 01:45:43] local.ERROR: Attempt to read property "id" on null {"userId":92,"exception":"[object] (ErrorException(code: 0): Attempt to read property \"id\" on null at C:\\wamp64\\www\\libraryProject\\app\\Http\\Controllers\\LearnerController.php:1474)
[stacktrace]
#0 C:\\wamp64\\www\\libraryProject\\vendor\\laravel\\framework\\src\\Illuminate\\Foundation\\Bootstrap\\HandleExceptions.php(255): Illuminate\\Foundation\\Bootstrap\\HandleExceptions->handleError(2, 'Attempt to read...', 'C:\\\\wamp64\\\\www\\\\l...', 1474)
#1 C:\\wamp64\\www\\libraryProject\\app\\Http\\Controllers\\LearnerController.php(1474): Illuminate\\Foundation\\Bootstrap\\HandleExceptions->Illuminate\\Foundation\\Bootstrap\\{closure}(2, 'Attempt to read...', 'C:\\\\wamp64\\\\www\\\\l...', 1474)
#2 C:\\wamp64\\www\\libraryProject\\vendor\\laravel\\framework\\src\\Illuminate\\Routing\\Controller.php(54): App\\Http\\Controllers\\LearnerController->paymentStore(Object(Illuminate\\Http\\Request))
#3 C:\\wamp64\\www\\libraryProject\\vendor\\laravel\\framework\\src\\Illuminate\\Routing\\ControllerDispatcher.php(43): Illuminate\\Routing\\Controller->callAction('paymentStore', Array)
#4 C:\\wamp64\\www\\libraryProject\\vendor\\laravel\\framework\\src\\Illuminate\\Routing\\Route.php(259): Illuminate\\Routing\\ControllerDispatcher->dispatch(Object(Illuminate\\Routing\\Route), Object(App\\Http\\Controllers\\LearnerController), 'paymentStore')
#5 C:\\wamp64\\www\\libraryProject\\vendor\\laravel\\framework\\src\\Illuminate\\Routing\\Route.php(205): Illuminate\\Routing\\Route->runController()
#6 C:\\wamp64\\www\\libraryProject\\vendor\\laravel\\framework\\src\\Illuminate\\Routing\\Router.php(806): Illuminate\\Routing\\Route->run()
#7 C:\\wamp64\\www\\libraryProject\\vendor\\laravel\\framework\\src\\Illuminate\\Pipeline\\Pipeline.php(144): Illuminate\\Routing\\Router->Illuminate\\Routing\\{closure}(Object(Illuminate\\Http\\Request))
#8 C:\\wamp64\\www\\libraryProject\\app\\Http\\Middleware\\LoggerMiddleware.php(18): Illuminate\\Pipeline\\Pipeline->Illuminate\\Pipeline\\{closure}(Object(Illuminate\\Http\\Request))
#9 C:\\wamp64\\www\\libraryProject\\vendor\\laravel\\framework\\src\\Illuminate\\Pipeline\\Pipeline.php(183): App\\Http\\Middleware\\LoggerMiddleware->handle(Object(Illuminate\\Http\\Request), Object(Closure))
#10 C:\\wamp64\\www\\libraryProject\\vendor\\laravel\\framework\\src\\Illuminate\\Auth\\Middleware\\EnsureEmailIsVerified.php(41): Illuminate\\Pipeline\\Pipeline->Illuminate\\Pipeline\\{closure}(Object(Illuminate\\Http\\Request))
#11 C:\\wamp64\\www\\libraryProject\\vendor\\laravel\\framework\\src\\Illuminate\\Pipeline\\Pipeline.php(183): Illuminate\\Auth\\Middleware\\EnsureEmailIsVerified->handle(Object(Illuminate\\Http\\Request), Object(Closure))
#12 C:\\wamp64\\www\\libraryProject\\app\\Http\\Middleware\\LoadMenus.php(225): Illuminate\\Pipeline\\Pipeline->Illuminate\\Pipeline\\{closure}(Object(Illuminate\\Http\\Request))
#13 C:\\wamp64\\www\\libraryProject\\vendor\\laravel\\framework\\src\\Illuminate\\Pipeline\\Pipeline.php(183): App\\Http\\Middleware\\LoadMenus->handle(Object(Illuminate\\Http\\Request), Object(Closure))
#14 C:\\wamp64\\www\\libraryProject\\vendor\\laravel\\framework\\src\\Illuminate\\Routing\\Middleware\\SubstituteBindings.php(50): Illuminate\\Pipeline\\Pipeline->Illuminate\\Pipeline\\{closure}(Object(Illuminate\\Http\\Request))
#15 C:\\wamp64\\www\\libraryProject\\vendor\\laravel\\framework\\src\\Illuminate\\Pipeline\\Pipeline.php(183): Illuminate\\Routing\\Middleware\\SubstituteBindings->handle(Object(Illuminate\\Http\\Request), Object(Closure))
#16 C:\\wamp64\\www\\libraryProject\\vendor\\laravel\\framework\\src\\Illuminate\\Auth\\Middleware\\Authenticate.php(57): Illuminate\\Pipeline\\Pipeline->Illuminate\\Pipeline\\{closure}(Object(Illuminate\\Http\\Request))
#17 C:\\wamp64\\www\\libraryProject\\vendor\\laravel\\framework\\src\\Illuminate\\Pipeline\\Pipeline.php(183): Illuminate\\Auth\\Middleware\\Authenticate->handle(Object(Illuminate\\Http\\Request), Object(Closure), 'library')
#18 C:\\wamp64\\www\\libraryProject\\vendor\\laravel\\framework\\src\\Illuminate\\Foundation\\Http\\Middleware\\VerifyCsrfToken.php(78): Illuminate\\Pipeline\\Pipeline->Illuminate\\Pipeline\\{closure}(Object(Illuminate\\Http\\Request))
#19 C:\\wamp64\\www\\libraryProject\\vendor\\laravel\\framework\\src\\Illuminate\\Pipeline\\Pipeline.php(183): Illuminate\\Foundation\\Http\\Middleware\\VerifyCsrfToken->handle(Object(Illuminate\\Http\\Request), Object(Closure))
#20 C:\\wamp64\\www\\libraryProject\\vendor\\laravel\\framework\\src\\Illuminate\\View\\Middleware\\ShareErrorsFromSession.php(49): Illuminate\\Pipeline\\Pipeline->Illuminate\\Pipeline\\{closure}(Object(Illuminate\\Http\\Request))
#21 C:\\wamp64\\www\\libraryProject\\vendor\\laravel\\framework\\src\\Illuminate\\Pipeline\\Pipeline.php(183): Illuminate\\View\\Middleware\\ShareErrorsFromSession->handle(Object(Illuminate\\Http\\Request), Object(Closure))
#22 C:\\wamp64\\www\\libraryProject\\vendor\\laravel\\framework\\src\\Illuminate\\Session\\Middleware\\StartSession.php(121): Illuminate\\Pipeline\\Pipeline->Illuminate\\Pipeline\\{closure}(Object(Illuminate\\Http\\Request))
#23 C:\\wamp64\\www\\libraryProject\\vendor\\laravel\\framework\\src\\Illuminate\\Session\\Middleware\\StartSession.php(64): Illuminate\\Session\\Middleware\\StartSession->handleStatefulRequest(Object(Illuminate\\Http\\Request), Object(Illuminate\\Session\\Store), Object(Closure))
#24 C:\\wamp64\\www\\libraryProject\\vendor\\laravel\\framework\\src\\Illuminate\\Pipeline\\Pipeline.php(183): Illuminate\\Session\\Middleware\\StartSession->handle(Object(Illuminate\\Http\\Request), Object(Closure))
#25 C:\\wamp64\\www\\libraryProject\\vendor\\laravel\\framework\\src\\Illuminate\\Cookie\\Middleware\\AddQueuedCookiesToResponse.php(37): Illuminate\\Pipeline\\Pipeline->Illuminate\\Pipeline\\{closure}(Object(Illuminate\\Http\\Request))
#26 C:\\wamp64\\www\\libraryProject\\vendor\\laravel\\framework\\src\\Illuminate\\Pipeline\\Pipeline.php(183): Illuminate\\Cookie\\Middleware\\AddQueuedCookiesToResponse->handle(Object(Illuminate\\Http\\Request), Object(Closure))
#27 C:\\wamp64\\www\\libraryProject\\vendor\\laravel\\framework\\src\\Illuminate\\Cookie\\Middleware\\EncryptCookies.php(67): Illuminate\\Pipeline\\Pipeline->Illuminate\\Pipeline\\{closure}(Object(Illuminate\\Http\\Request))
#28 C:\\wamp64\\www\\libraryProject\\vendor\\laravel\\framework\\src\\Illuminate\\Pipeline\\Pipeline.php(183): Illuminate\\Cookie\\Middleware\\EncryptCookies->handle(Object(Illuminate\\Http\\Request), Object(Closure))
#29 C:\\wamp64\\www\\libraryProject\\vendor\\laravel\\framework\\src\\Illuminate\\Pipeline\\Pipeline.php(119): Illuminate\\Pipeline\\Pipeline->Illuminate\\Pipeline\\{closure}(Object(Illuminate\\Http\\Request))
#30 C:\\wamp64\\www\\libraryProject\\vendor\\laravel\\framework\\src\\Illuminate\\Routing\\Router.php(805): Illuminate\\Pipeline\\Pipeline->then(Object(Closure))
#31 C:\\wamp64\\www\\libraryProject\\vendor\\laravel\\framework\\src\\Illuminate\\Routing\\Router.php(784): Illuminate\\Routing\\Router->runRouteWithinStack(Object(Illuminate\\Routing\\Route), Object(Illuminate\\Http\\Request))
#32 C:\\wamp64\\www\\libraryProject\\vendor\\laravel\\framework\\src\\Illuminate\\Routing\\Router.php(748): Illuminate\\Routing\\Router->runRoute(Object(Illuminate\\Http\\Request), Object(Illuminate\\Routing\\Route))
#33 C:\\wamp64\\www\\libraryProject\\vendor\\laravel\\framework\\src\\Illuminate\\Routing\\Router.php(737): Illuminate\\Routing\\Router->dispatchToRoute(Object(Illuminate\\Http\\Request))
#34 C:\\wamp64\\www\\libraryProject\\vendor\\laravel\\framework\\src\\Illuminate\\Foundation\\Http\\Kernel.php(200): Illuminate\\Routing\\Router->dispatch(Object(Illuminate\\Http\\Request))
#35 C:\\wamp64\\www\\libraryProject\\vendor\\laravel\\framework\\src\\Illuminate\\Pipeline\\Pipeline.php(144): Illuminate\\Foundation\\Http\\Kernel->Illuminate\\Foundation\\Http\\{closure}(Object(Illuminate\\Http\\Request))
#36 C:\\wamp64\\www\\libraryProject\\app\\Http\\Middleware\\LoggerMiddleware.php(18): Illuminate\\Pipeline\\Pipeline->Illuminate\\Pipeline\\{closure}(Object(Illuminate\\Http\\Request))
#37 C:\\wamp64\\www\\libraryProject\\vendor\\laravel\\framework\\src\\Illuminate\\Pipeline\\Pipeline.php(183): App\\Http\\Middleware\\LoggerMiddleware->handle(Object(Illuminate\\Http\\Request), Object(Closure))
#38 C:\\wamp64\\www\\libraryProject\\app\\Http\\Middleware\\NoCacheMiddleware.php(18): Illuminate\\Pipeline\\Pipeline->Illuminate\\Pipeline\\{closure}(Object(Illuminate\\Http\\Request))
#39 C:\\wamp64\\www\\libraryProject\\vendor\\laravel\\framework\\src\\Illuminate\\Pipeline\\Pipeline.php(183): App\\Http\\Middleware\\NoCacheMiddleware->handle(Object(Illuminate\\Http\\Request), Object(Closure))
#40 C:\\wamp64\\www\\libraryProject\\vendor\\laravel\\framework\\src\\Illuminate\\Foundation\\Http\\Middleware\\TransformsRequest.php(21): Illuminate\\Pipeline\\Pipeline->Illuminate\\Pipeline\\{closure}(Object(Illuminate\\Http\\Request))
#41 C:\\wamp64\\www\\libraryProject\\vendor\\laravel\\framework\\src\\Illuminate\\Foundation\\Http\\Middleware\\ConvertEmptyStringsToNull.php(31): Illuminate\\Foundation\\Http\\Middleware\\TransformsRequest->handle(Object(Illuminate\\Http\\Request), Object(Closure))
#42 C:\\wamp64\\www\\libraryProject\\vendor\\laravel\\framework\\src\\Illuminate\\Pipeline\\Pipeline.php(183): Illuminate\\Foundation\\Http\\Middleware\\ConvertEmptyStringsToNull->handle(Object(Illuminate\\Http\\Request), Object(Closure))
#43 C:\\wamp64\\www\\libraryProject\\vendor\\laravel\\framework\\src\\Illuminate\\Foundation\\Http\\Middleware\\TransformsRequest.php(21): Illuminate\\Pipeline\\Pipeline->Illuminate\\Pipeline\\{closure}(Object(Illuminate\\Http\\Request))
#44 C:\\wamp64\\www\\libraryProject\\vendor\\laravel\\framework\\src\\Illuminate\\Foundation\\Http\\Middleware\\TrimStrings.php(40): Illuminate\\Foundation\\Http\\Middleware\\TransformsRequest->handle(Object(Illuminate\\Http\\Request), Object(Closure))
#45 C:\\wamp64\\www\\libraryProject\\vendor\\laravel\\framework\\src\\Illuminate\\Pipeline\\Pipeline.php(183): Illuminate\\Foundation\\Http\\Middleware\\TrimStrings->handle(Object(Illuminate\\Http\\Request), Object(Closure))
#46 C:\\wamp64\\www\\libraryProject\\vendor\\laravel\\framework\\src\\Illuminate\\Foundation\\Http\\Middleware\\ValidatePostSize.php(27): Illuminate\\Pipeline\\Pipeline->Illuminate\\Pipeline\\{closure}(Object(Illuminate\\Http\\Request))
#47 C:\\wamp64\\www\\libraryProject\\vendor\\laravel\\framework\\src\\Illuminate\\Pipeline\\Pipeline.php(183): Illuminate\\Foundation\\Http\\Middleware\\ValidatePostSize->handle(Object(Illuminate\\Http\\Request), Object(Closure))
#48 C:\\wamp64\\www\\libraryProject\\vendor\\laravel\\framework\\src\\Illuminate\\Foundation\\Http\\Middleware\\PreventRequestsDuringMaintenance.php(99): Illuminate\\Pipeline\\Pipeline->Illuminate\\Pipeline\\{closure}(Object(Illuminate\\Http\\Request))
#49 C:\\wamp64\\www\\libraryProject\\vendor\\laravel\\framework\\src\\Illuminate\\Pipeline\\Pipeline.php(183): Illuminate\\Foundation\\Http\\Middleware\\PreventRequestsDuringMaintenance->handle(Object(Illuminate\\Http\\Request), Object(Closure))
#50 C:\\wamp64\\www\\libraryProject\\vendor\\laravel\\framework\\src\\Illuminate\\Http\\Middleware\\HandleCors.php(49): Illuminate\\Pipeline\\Pipeline->Illuminate\\Pipeline\\{closure}(Object(Illuminate\\Http\\Request))
#51 C:\\wamp64\\www\\libraryProject\\vendor\\laravel\\framework\\src\\Illuminate\\Pipeline\\Pipeline.php(183): Illuminate\\Http\\Middleware\\HandleCors->handle(Object(Illuminate\\Http\\Request), Object(Closure))
#52 C:\\wamp64\\www\\libraryProject\\vendor\\laravel\\framework\\src\\Illuminate\\Http\\Middleware\\TrustProxies.php(39): Illuminate\\Pipeline\\Pipeline->Illuminate\\Pipeline\\{closure}(Object(Illuminate\\Http\\Request))
#53 C:\\wamp64\\www\\libraryProject\\vendor\\laravel\\framework\\src\\Illuminate\\Pipeline\\Pipeline.php(183): Illuminate\\Http\\Middleware\\TrustProxies->handle(Object(Illuminate\\Http\\Request), Object(Closure))
#54 C:\\wamp64\\www\\libraryProject\\vendor\\laravel\\framework\\src\\Illuminate\\Pipeline\\Pipeline.php(119): Illuminate\\Pipeline\\Pipeline->Illuminate\\Pipeline\\{closure}(Object(Illuminate\\Http\\Request))
#55 C:\\wamp64\\www\\libraryProject\\vendor\\laravel\\framework\\src\\Illuminate\\Foundation\\Http\\Kernel.php(175): Illuminate\\Pipeline\\Pipeline->then(Object(Closure))
#56 C:\\wamp64\\www\\libraryProject\\vendor\\laravel\\framework\\src\\Illuminate\\Foundation\\Http\\Kernel.php(144): Illuminate\\Foundation\\Http\\Kernel->sendRequestThroughRouter(Object(Illuminate\\Http\\Request))
#57 C:\\wamp64\\www\\libraryProject\\index.php(51): Illuminate\\Foundation\\Http\\Kernel->handle(Object(Illuminate\\Http\\Request))
#58 {main}
"} 
[2024-11-28 01:45:44] local.INFO: logAction method triggered  
[2024-11-28 01:45:44] local.INFO: Action successfully logged  
[2024-11-28 01:45:44] local.INFO: Action successful from middleware {"user_id":92,"method":"POST","url":"http://localhost/libraryProject/library/learners/payment/store","status_code":500} 
[2024-11-28 01:45:44] local.INFO: Action successful from middleware {"user_id":92,"method":"POST","url":"http://localhost/libraryProject/library/learners/payment/store","status_code":500} 
